[debug] [2023-08-17T03:22:24.780Z] ----------------------------------------------------------------------
[debug] [2023-08-17T03:22:24.784Z] Command:       C:\Program Files\nodejs\node.exe C:\Program Files\nodejs\node_modules\firebase-tools\lib\bin\firebase.js init
[debug] [2023-08-17T03:22:24.784Z] CLI Version:   12.4.0
[debug] [2023-08-17T03:22:24.784Z] Platform:      win32
[debug] [2023-08-17T03:22:24.784Z] Node Version:  v20.0.0
[debug] [2023-08-17T03:22:24.785Z] Time:          Wed Aug 16 2023 21:22:24 GMT-0600 (Central Standard Time)
[debug] [2023-08-17T03:22:24.785Z] ----------------------------------------------------------------------
[debug] 
[debug] [2023-08-17T03:22:24.793Z] > command requires scopes: ["email","openid","https://www.googleapis.com/auth/cloudplatformprojects.readonly","https://www.googleapis.com/auth/firebase","https://www.googleapis.com/auth/cloud-platform"]
[debug] [2023-08-17T03:22:24.793Z] > authorizing via signed-in user (vas.claudio15@gmail.com)
[info] 
     ######## #### ########  ######## ########     ###     ######  ########
     ##        ##  ##     ## ##       ##     ##  ##   ##  ##       ##
     ######    ##  ########  ######   ########  #########  ######  ######
     ##        ##  ##    ##  ##       ##     ## ##     ##       ## ##
     ##       #### ##     ## ######## ########  ##     ##  ######  ########

You're about to initialize a Firebase project in this directory:

  C:\Users\vascl\Documents\Cursos\So2\so-2-mem-sim

[info] 
=== Project Setup
[info] 
[info] First, let's associate this project directory with a Firebase project.
[info] You can create multiple project aliases by running firebase use --add, 
[info] but for now we'll just set up a default project.
[info] 
[debug] [2023-08-17T03:22:57.762Z] > refreshing access token with scopes: []
[debug] [2023-08-17T03:22:57.765Z] >>> [apiv2][query] POST https://www.googleapis.com/oauth2/v3/token [none]
[debug] [2023-08-17T03:22:57.766Z] >>> [apiv2][body] POST https://www.googleapis.com/oauth2/v3/token [omitted]
[debug] [2023-08-17T03:22:58.147Z] <<< [apiv2][status] POST https://www.googleapis.com/oauth2/v3/token 200
[debug] [2023-08-17T03:22:58.147Z] <<< [apiv2][body] POST https://www.googleapis.com/oauth2/v3/token [omitted]
[debug] [2023-08-17T03:22:58.248Z] >>> [apiv2][query] GET https://firebase.googleapis.com/v1beta1/projects pageSize=100
[debug] [2023-08-17T03:22:58.998Z] <<< [apiv2][status] GET https://firebase.googleapis.com/v1beta1/projects 200
[debug] [2023-08-17T03:22:58.998Z] <<< [apiv2][body] GET https://firebase.googleapis.com/v1beta1/projects [omitted]
[info] i  Using project so2simumemoria (so2simumemoria) 
[info] 
=== Hosting Setup
[info] 
[info] Your public directory is the folder (relative to your project directory) that
[info] will contain Hosting assets to be uploaded with firebase deploy. If you
[info] have a build process for your assets, use your build's output directory.
[info] 
